29.9.2023, 11:23:23 - INFO - Server listening on port http://127.0.0.1:3030/ 
29.9.2023, 11:23:43 - INFO - Server listening on port http://127.0.0.1:3030/ 
29.9.2023, 11:23:43 - DEBUG - auth.service - signup with userName: carmel, fullName: carmel 
29.9.2023, 11:23:43 - DEBUG - auth.route - new account created: {"userName":"carmel","password":"$2b$10$7MhyhaHic1HngHeSZM832OGZLR8RHyS7Ry5WYd.NCttS6NqlSgpXC","fullName":"carmel","score":0,"_id":"6516898fefb39746c4278d45"} 
29.9.2023, 11:23:43 - DEBUG - auth.service - login with userName: carmel 
29.9.2023, 11:25:24 - DEBUG - auth.service - login with userName: carmel 
29.9.2023, 11:25:24 - INFO - User login:  | {"_id":"6516898fefb39746c4278d45","userName":"carmel","fullName":"carmel","score":0} 
29.9.2023, 11:26:58 - DEBUG - auth.service - signup with userName: alon, fullName: alon 
29.9.2023, 11:26:58 - DEBUG - auth.route - new account created: {"userName":"alon","password":"$2b$10$vzHa1BCiTVB1lxRNcGD1guI5mnCdiJCPKKvLhPaxoc8gVyll52Zky","fullName":"alon","score":0,"_id":"65168a52efb39746c4278d46"} 
29.9.2023, 11:26:58 - DEBUG - auth.service - login with userName: alon 
29.9.2023, 11:27:30 - DEBUG - auth.service - login with userName: carmel 
29.9.2023, 11:27:30 - INFO - User login:  | {"_id":"6516898fefb39746c4278d45","userName":"carmel","fullName":"carmel","score":0} 
29.9.2023, 11:27:35 - DEBUG - auth.service - login with userName: dws 
29.9.2023, 11:27:35 - ERROR - Failed to Login Error: Invalid userName or password 
29.9.2023, 11:27:52 - DEBUG - Getting Toys | {"txt":""} 
29.9.2023, 11:27:52 - DEBUG - Getting Toys | {"txt":""} 
29.9.2023, 11:27:52 - DEBUG - Getting Toys | {"txt":""} 
29.9.2023, 11:33:14 - DEBUG - Getting Toys | {"txt":""} 
29.9.2023, 11:33:14 - DEBUG - Getting Toys | {"txt":""} 
29.9.2023, 11:33:14 - DEBUG - Getting Toys | {"txt":""} 
29.9.2023, 11:33:20 - DEBUG - auth.service - login with userName: carmel 
29.9.2023, 11:33:20 - INFO - User login:  | {"_id":"6516898fefb39746c4278d45","userName":"carmel","fullName":"carmel","score":0} 
29.9.2023, 11:33:22 - DEBUG - Getting Toys | {"txt":""} 
29.9.2023, 11:33:22 - DEBUG - Getting Toys | {"txt":""} 
29.9.2023, 11:33:22 - DEBUG - Getting Toys | {"txt":""} 
29.9.2023, 11:33:24 - DEBUG - Getting Toys | {"txt":""} 
29.9.2023, 11:33:24 - DEBUG - Getting Toys | {"txt":""} 
29.9.2023, 11:33:25 - DEBUG - Getting Toys | {"txt":""} 
29.9.2023, 11:33:39 - DEBUG - Getting Toys | {"txt":""} 
29.9.2023, 11:33:39 - DEBUG - Getting Toys | {"txt":""} 
29.9.2023, 11:33:39 - DEBUG - Getting Toys | {"txt":""} 
29.9.2023, 11:33:57 - DEBUG - Getting Toys | {"txt":""} 
29.9.2023, 11:34:35 - DEBUG - Getting Toys | {"txt":""} 
29.9.2023, 11:34:35 - DEBUG - Getting Toys | {"txt":""} 
29.9.2023, 11:34:35 - DEBUG - Getting Toys | {"txt":""} 
29.9.2023, 11:34:36 - DEBUG - Getting Toys | {"txt":""} 
29.9.2023, 11:35:12 - DEBUG - Getting Toys | {"txt":""} 
29.9.2023, 11:35:12 - DEBUG - Getting Toys | {"txt":""} 
29.9.2023, 11:35:12 - DEBUG - Getting Toys | {"txt":""} 
29.9.2023, 11:35:13 - DEBUG - Getting Toys | {"txt":""} 
29.9.2023, 11:39:03 - DEBUG - Getting Toys | {"txt":""} 
29.9.2023, 11:39:03 - DEBUG - Getting Toys | {"txt":""} 
29.9.2023, 11:39:04 - DEBUG - Getting Toys | {"txt":""} 
29.9.2023, 11:39:06 - DEBUG - Getting Toys | {"txt":""} 
29.9.2023, 11:39:06 - DEBUG - Getting Toys | {"txt":""} 
29.9.2023, 11:39:06 - DEBUG - Getting Toys | {"txt":""} 
29.9.2023, 11:39:09 - DEBUG - Getting Toys | {"txt":""} 
29.9.2023, 11:39:09 - DEBUG - Getting Toys | {"txt":""} 
29.9.2023, 11:39:09 - DEBUG - Getting Toys | {"txt":""} 
29.9.2023, 11:39:10 - DEBUG - Getting Toys | {"txt":""} 
29.9.2023, 11:39:13 - DEBUG - Getting Toys | {"txt":""} 
29.9.2023, 11:39:13 - DEBUG - Getting Toys | {"txt":""} 
29.9.2023, 11:39:13 - DEBUG - Getting Toys | {"txt":""} 
29.9.2023, 11:39:16 - DEBUG - Getting Toys | {"txt":""} 
29.9.2023, 11:39:16 - DEBUG - Getting Toys | {"txt":""} 
29.9.2023, 11:39:16 - DEBUG - Getting Toys | {"txt":""} 
29.9.2023, 11:39:17 - DEBUG - Getting Toys | {"txt":""} 
29.9.2023, 11:39:19 - DEBUG - Getting Toys | {"txt":""} 
29.9.2023, 11:39:19 - DEBUG - Getting Toys | {"txt":""} 
29.9.2023, 11:39:19 - DEBUG - Getting Toys | {"txt":""} 
29.9.2023, 11:39:22 - DEBUG - Getting Toys | {"txt":""} 
29.9.2023, 11:39:22 - DEBUG - Getting Toys | {"txt":""} 
29.9.2023, 11:39:22 - DEBUG - Getting Toys | {"txt":""} 
29.9.2023, 11:39:23 - DEBUG - Getting Toys | {"txt":""} 
29.9.2023, 11:39:25 - DEBUG - Getting Toys | {"txt":""} 
29.9.2023, 11:39:25 - DEBUG - Getting Toys | {"txt":""} 
29.9.2023, 11:39:26 - DEBUG - Getting Toys | {"txt":""} 
29.9.2023, 11:39:35 - DEBUG - Getting Toys | {"txt":""} 
29.9.2023, 11:39:35 - DEBUG - Getting Toys | {"txt":""} 
29.9.2023, 11:39:36 - DEBUG - Getting Toys | {"txt":""} 
29.9.2023, 11:46:48 - INFO - Server listening on port http://127.0.0.1:3030/ 
29.9.2023, 11:48:33 - INFO - Server listening on port http://127.0.0.1:3030/ 
29.9.2023, 11:48:54 - INFO - Server listening on port http://127.0.0.1:3030/ 
29.9.2023, 11:49:08 - DEBUG - Getting Toys | {"txt":""} 
29.9.2023, 11:49:08 - DEBUG - Getting Toys | {"txt":""} 
29.9.2023, 11:49:09 - DEBUG - Getting Toys | {"txt":""} 
29.9.2023, 11:49:15 - DEBUG - Getting Toys | {"txt":""} 
29.9.2023, 11:49:15 - DEBUG - Getting Toys | {"txt":""} 
29.9.2023, 11:49:15 - DEBUG - Getting Toys | {"txt":""} 
29.9.2023, 11:49:19 - DEBUG - Getting Toys | {"txt":""} 
29.9.2023, 11:49:21 - DEBUG - Getting Toys | {"txt":""} 
29.9.2023, 11:49:21 - DEBUG - Getting Toys | {"txt":""} 
29.9.2023, 11:49:21 - DEBUG - Getting Toys | {"txt":""} 
29.9.2023, 16:05:32 - INFO - Server listening on port http://127.0.0.1:3030/ 
29.9.2023, 16:05:34 - INFO - Server listening on port http://127.0.0.1:3030/ 
29.9.2023, 16:06:51 - INFO - Server listening on port http://127.0.0.1:3030/ 
29.9.2023, 16:16:11 - DEBUG - auth.service - login with userName: carmel 
29.9.2023, 16:16:11 - INFO - User login:  | {"_id":"6516898fefb39746c4278d45","userName":"carmel","fullName":"carmel","score":0} 
29.9.2023, 16:16:13 - DEBUG - Getting Toys | {"txt":""} 
29.9.2023, 16:16:14 - DEBUG - Getting Toys | {"txt":""} 
29.9.2023, 16:16:14 - DEBUG - Getting Toys | {"txt":""} 
29.9.2023, 16:16:14 - DEBUG - Getting Toys | {"txt":""} 
29.9.2023, 16:16:17 - DEBUG - Getting Toys | {"txt":""} 
29.9.2023, 16:16:17 - DEBUG - Getting Toys | {"txt":""} 
29.9.2023, 16:16:18 - DEBUG - Getting Toys | {"txt":""} 
29.9.2023, 16:16:20 - DEBUG - Getting Toys | {"txt":""} 
29.9.2023, 16:16:20 - DEBUG - Getting Toys | {"txt":""} 
29.9.2023, 16:16:20 - DEBUG - Getting Toys | {"txt":""} 
29.9.2023, 16:16:21 - DEBUG - Getting Toys | {"txt":""} 
29.9.2023, 16:16:24 - DEBUG - Getting Toys | {"txt":""} 
29.9.2023, 16:16:24 - DEBUG - Getting Toys | {"txt":""} 
29.9.2023, 16:16:25 - DEBUG - Getting Toys | {"txt":""} 
29.9.2023, 16:37:49 - DEBUG - Getting Toys | {"txt":""} 
29.9.2023, 16:37:49 - DEBUG - Getting Toys | {"txt":""} 
29.9.2023, 16:37:49 - DEBUG - Getting Toys | {"txt":""} 
29.9.2023, 16:50:01 - DEBUG - Getting Toys | {"txt":""} 
29.9.2023, 16:50:01 - DEBUG - Getting Toys | {"txt":""} 
29.9.2023, 16:50:01 - DEBUG - Getting Toys | {"txt":""} 
29.9.2023, 16:50:08 - DEBUG - Getting Toys | {"txt":""} 
29.9.2023, 16:50:08 - DEBUG - Getting Toys | {"txt":""} 
29.9.2023, 16:50:08 - DEBUG - Getting Toys | {"txt":""} 
29.9.2023, 16:50:12 - DEBUG - Getting Toys | {"txt":"","labels":["On wheels"]} 
29.9.2023, 16:50:13 - DEBUG - Getting Toys | {"txt":""} 
29.9.2023, 16:55:52 - DEBUG - Getting Toys | {"txt":""} 
29.9.2023, 16:55:52 - DEBUG - Getting Toys | {"txt":""} 
29.9.2023, 16:55:52 - DEBUG - Getting Toys | {"txt":""} 
29.9.2023, 16:56:20 - DEBUG - Getting Toys | {"txt":""} 
29.9.2023, 16:56:20 - DEBUG - Getting Toys | {"txt":""} 
29.9.2023, 16:56:20 - DEBUG - Getting Toys | {"txt":""} 
29.9.2023, 16:56:30 - DEBUG - Getting Toys | {"txt":""} 
29.9.2023, 16:56:33 - DEBUG - Getting Toys | {"txt":""} 
29.9.2023, 16:56:33 - DEBUG - Getting Toys | {"txt":""} 
29.9.2023, 16:56:33 - DEBUG - Getting Toys | {"txt":""} 
29.9.2023, 16:56:39 - DEBUG - Getting Toys | {"txt":""} 
29.9.2023, 16:58:08 - DEBUG - Getting Toys | {"txt":""} 
29.9.2023, 16:58:08 - DEBUG - Getting Toys | {"txt":""} 
29.9.2023, 16:58:08 - DEBUG - Getting Toys | {"txt":""} 
29.9.2023, 16:58:13 - DEBUG - Getting Toys | {"txt":""} 
29.9.2023, 16:58:13 - DEBUG - Getting Toys | {"txt":""} 
29.9.2023, 16:58:13 - DEBUG - Getting Toys | {"txt":""} 
29.9.2023, 16:58:16 - DEBUG - Getting Toys | {"txt":""} 
29.9.2023, 16:58:16 - DEBUG - Getting Toys | {"txt":""} 
29.9.2023, 16:58:17 - DEBUG - Getting Toys | {"txt":""} 
29.9.2023, 17:03:52 - INFO - Server listening on port http://127.0.0.1:3030/ 
29.9.2023, 17:03:54 - ERROR - cannot update toy 6516d8133194fe6d94f26730 | MongoError: Performing an update on the path '_id' would modify the immutable field '_id' 
29.9.2023, 17:03:54 - ERROR - Failed to update toy | MongoError: Performing an update on the path '_id' would modify the immutable field '_id' 
29.9.2023, 17:04:51 - ERROR - Failed to update toy | MongoError: Performing an update on the path '_id' would modify the immutable field '_id' 
29.9.2023, 17:04:51 - ERROR - cannot update toy 6516d8133194fe6d94f26730 | MongoError: Performing an update on the path '_id' would modify the immutable field '_id' 
29.9.2023, 17:07:31 - DEBUG - Getting Toys | {"txt":""} 
29.9.2023, 17:07:31 - DEBUG - Getting Toys | {"txt":""} 
29.9.2023, 17:07:31 - DEBUG - Getting Toys | {"txt":""} 
29.9.2023, 17:07:46 - DEBUG - Getting Toys | {"txt":""} 
29.9.2023, 17:07:53 - ERROR - cannot update toy 6516da2106068c2b1434480b | MongoError: Performing an update on the path '_id' would modify the immutable field '_id' 
29.9.2023, 17:07:53 - ERROR - Failed to update toy | MongoError: Performing an update on the path '_id' would modify the immutable field '_id' 
29.9.2023, 17:09:13 - INFO - Server listening on port http://127.0.0.1:3030/ 
29.9.2023, 17:09:22 - ERROR - cannot update toy 6516da2106068c2b1434480b | MongoError: Performing an update on the path '_id' would modify the immutable field '_id' 
29.9.2023, 17:09:22 - ERROR - Failed to update toy | MongoError: Performing an update on the path '_id' would modify the immutable field '_id' 
29.9.2023, 17:10:25 - INFO - Server listening on port http://127.0.0.1:3030/ 
29.9.2023, 17:23:53 - DEBUG - Getting Toys | {"txt":""} 
29.9.2023, 17:23:53 - DEBUG - Getting Toys | {"txt":""} 
29.9.2023, 17:23:53 - DEBUG - Getting Toys | {"txt":""} 
29.9.2023, 17:23:55 - DEBUG - Getting Toys | {"txt":""} 
29.9.2023, 17:25:54 - INFO - Server listening on port http://127.0.0.1:3030/ 
29.9.2023, 17:36:09 - INFO - Server listening on port http://127.0.0.1:3030/ 
29.9.2023, 17:36:15 - INFO - Server listening on port http://127.0.0.1:3030/ 
29.9.2023, 17:40:37 - INFO - Server listening on port http://127.0.0.1:3030/ 
29.9.2023, 17:40:59 - INFO - Server listening on port http://127.0.0.1:3030/ 
29.9.2023, 17:53:16 - INFO - Server listening on port http://127.0.0.1:3030/ 
29.9.2023, 17:56:09 - INFO - Server listening on port http://127.0.0.1:3030/ 
29.9.2023, 17:56:37 - INFO - Server listening on port http://127.0.0.1:3030/ 
29.9.2023, 17:56:40 - INFO - Server listening on port http://127.0.0.1:3030/ 
29.9.2023, 18:01:42 - INFO - Server listening on port http://127.0.0.1:3030/ 
29.9.2023, 18:02:07 - INFO - Server listening on port http://127.0.0.1:3030/ 
29.9.2023, 18:11:14 - INFO - Server listening on port http://127.0.0.1:3030/ 
29.9.2023, 18:12:24 - DEBUG - auth.service - login with userName: carmel 
29.9.2023, 18:12:24 - INFO - User login:  | {"_id":"6516898fefb39746c4278d45","userName":"carmel","fullName":"carmel","score":0} 
29.9.2023, 18:12:37 - DEBUG - Getting Toys | {"txt":""} 
29.9.2023, 18:12:37 - DEBUG - Getting Toys | {"txt":""} 
29.9.2023, 18:12:37 - DEBUG - Getting Toys | {"txt":""} 
29.9.2023, 18:36:44 - INFO - Server listening on port http://127.0.0.1:3030/ 
29.9.2023, 18:36:46 - INFO - Server listening on port http://127.0.0.1:3030/ 
29.9.2023, 18:36:47 - INFO - Server listening on port http://127.0.0.1:3030/ 
29.9.2023, 18:46:15 - INFO - Server listening on port http://127.0.0.1:3030/ 
29.9.2023, 18:47:55 - INFO - Server listening on port http://127.0.0.1:3030/ 
29.9.2023, 19:56:15 - DEBUG - auth.service - login with userName: alon 
29.9.2023, 19:56:15 - INFO - User login:  | {"_id":"65168a52efb39746c4278d46","userName":"alon","fullName":"alon","score":0} 
29.9.2023, 19:56:17 - DEBUG - Getting Toys | {"txt":""} 
29.9.2023, 19:56:17 - DEBUG - Getting Toys | {"txt":""} 
29.9.2023, 19:56:17 - DEBUG - Getting Toys | {"txt":""} 
29.9.2023, 20:01:07 - DEBUG - auth.service - login with userName: carmel 
29.9.2023, 20:01:07 - INFO - User login:  | {"_id":"6516898fefb39746c4278d45","userName":"carmel","fullName":"carmel","score":0} 
29.9.2023, 20:01:11 - DEBUG - Getting Toys | {"txt":""} 
29.9.2023, 20:01:11 - DEBUG - Getting Toys | {"txt":""} 
29.9.2023, 20:01:11 - DEBUG - Getting Toys | {"txt":""} 
29.9.2023, 20:32:32 - DEBUG - Getting Toys | {"txt":""} 
29.9.2023, 20:32:32 - DEBUG - Getting Toys | {"txt":""} 
29.9.2023, 20:32:32 - DEBUG - Getting Toys | {"txt":""} 
29.9.2023, 20:59:06 - DEBUG - Getting Toys | {"txt":""} 
29.9.2023, 20:59:06 - DEBUG - Getting Toys | {"txt":""} 
29.9.2023, 20:59:07 - DEBUG - Getting Toys | {"txt":""} 
29.9.2023, 21:01:08 - DEBUG - Getting Toys | {"txt":""} 
29.9.2023, 21:01:08 - DEBUG - Getting Toys | {"txt":""} 
29.9.2023, 21:01:08 - DEBUG - Getting Toys | {"txt":""} 
29.9.2023, 21:01:45 - DEBUG - Getting Toys | {"txt":""} 
29.9.2023, 21:01:45 - DEBUG - Getting Toys | {"txt":""} 
29.9.2023, 21:01:45 - DEBUG - Getting Toys | {"txt":""} 
29.9.2023, 21:02:39 - DEBUG - Getting Toys | {"txt":""} 
29.9.2023, 21:02:48 - DEBUG - Getting Toys | {"txt":""} 
29.9.2023, 21:02:48 - DEBUG - Getting Toys | {"txt":""} 
29.9.2023, 21:02:48 - DEBUG - Getting Toys | {"txt":""} 
29.9.2023, 21:03:00 - DEBUG - Getting Toys | {"txt":""} 
29.9.2023, 21:03:00 - DEBUG - Getting Toys | {"txt":""} 
29.9.2023, 21:03:01 - DEBUG - Getting Toys | {"txt":""} 
29.9.2023, 21:03:59 - DEBUG - Getting Toys | {"txt":""} 
29.9.2023, 21:04:12 - DEBUG - Getting Toys | {"txt":""} 
29.9.2023, 21:04:12 - DEBUG - Getting Toys | {"txt":""} 
29.9.2023, 21:04:13 - DEBUG - Getting Toys | {"txt":""} 
29.9.2023, 21:07:04 - DEBUG - Getting Toys | {"txt":""} 
29.9.2023, 21:07:04 - DEBUG - Getting Toys | {"txt":""} 
29.9.2023, 21:07:05 - DEBUG - Getting Toys | {"txt":""} 
29.9.2023, 21:17:17 - DEBUG - Getting Toys | {"txt":""} 
29.9.2023, 21:17:18 - DEBUG - Getting Toys | {"txt":""} 
29.9.2023, 21:17:18 - DEBUG - Getting Toys | {"txt":""} 
29.9.2023, 21:17:18 - DEBUG - Getting Toys | {"txt":""} 
29.9.2023, 21:19:29 - DEBUG - Getting Toys | {"txt":""} 
29.9.2023, 21:19:32 - DEBUG - Getting Toys | {"txt":""} 
29.9.2023, 21:19:32 - DEBUG - Getting Toys | {"txt":""} 
29.9.2023, 21:19:32 - DEBUG - Getting Toys | {"txt":""} 
29.9.2023, 21:19:52 - DEBUG - Getting Toys | {"txt":""} 
29.9.2023, 21:19:53 - DEBUG - Getting Toys | {"txt":""} 
29.9.2023, 21:19:53 - DEBUG - Getting Toys | {"txt":""} 
29.9.2023, 21:19:54 - DEBUG - Getting Toys | {"txt":""} 
29.9.2023, 21:20:42 - INFO - Server listening on port http://127.0.0.1:3030/ 
